{"/Users/art09/Bootcamp projects/ahha-mv-project/backend/app.js": {"path":"/Users/art09/Bootcamp projects/ahha-mv-project/backend/app.js","statementMap":{"0":{"start":{"line":1,"column":20},"end":{"line":1,"column":42}},"1":{"start":{"line":2,"column":16},"end":{"line":2,"column":34}},"2":{"start":{"line":3,"column":13},"end":{"line":3,"column":28}},"3":{"start":{"line":4,"column":21},"end":{"line":4,"column":45}},"4":{"start":{"line":5,"column":15},"end":{"line":5,"column":32}},"5":{"start":{"line":6,"column":13},"end":{"line":6,"column":28}},"6":{"start":{"line":8,"column":20},"end":{"line":8,"column":45}},"7":{"start":{"line":9,"column":17},"end":{"line":9,"column":40}},"8":{"start":{"line":11,"column":12},"end":{"line":11,"column":21}},"9":{"start":{"line":16,"column":0},"end":{"line":16,"column":23}},"10":{"start":{"line":17,"column":0},"end":{"line":17,"column":24}},"11":{"start":{"line":18,"column":0},"end":{"line":18,"column":49}},"12":{"start":{"line":19,"column":0},"end":{"line":19,"column":24}},"13":{"start":{"line":20,"column":0},"end":{"line":20,"column":56}},"14":{"start":{"line":21,"column":0},"end":{"line":21,"column":16}},"15":{"start":{"line":23,"column":0},"end":{"line":23,"column":26}},"16":{"start":{"line":24,"column":0},"end":{"line":24,"column":26}},"17":{"start":{"line":27,"column":0},"end":{"line":29,"column":3}},"18":{"start":{"line":28,"column":2},"end":{"line":28,"column":25}},"19":{"start":{"line":32,"column":0},"end":{"line":40,"column":3}},"20":{"start":{"line":34,"column":2},"end":{"line":34,"column":35}},"21":{"start":{"line":35,"column":2},"end":{"line":35,"column":69}},"22":{"start":{"line":38,"column":2},"end":{"line":38,"column":32}},"23":{"start":{"line":39,"column":2},"end":{"line":39,"column":20}},"24":{"start":{"line":42,"column":0},"end":{"line":42,"column":21}}},"fnMap":{"0":{"name":"(anonymous_0)","decl":{"start":{"line":27,"column":8},"end":{"line":27,"column":9}},"loc":{"start":{"line":27,"column":28},"end":{"line":29,"column":1}},"line":27},"1":{"name":"(anonymous_1)","decl":{"start":{"line":32,"column":8},"end":{"line":32,"column":9}},"loc":{"start":{"line":32,"column":27},"end":{"line":40,"column":1}},"line":32}},"branchMap":{"0":{"loc":{"start":{"line":35,"column":21},"end":{"line":35,"column":68}},"type":"cond-expr","locations":[{"start":{"line":35,"column":60},"end":{"line":35,"column":63}},{"start":{"line":35,"column":66},"end":{"line":35,"column":68}}],"line":35},"1":{"loc":{"start":{"line":38,"column":13},"end":{"line":38,"column":30}},"type":"binary-expr","locations":[{"start":{"line":38,"column":13},"end":{"line":38,"column":23}},{"start":{"line":38,"column":27},"end":{"line":38,"column":30}}],"line":38}},"s":{"0":4,"1":4,"2":4,"3":4,"4":4,"5":4,"6":4,"7":4,"8":4,"9":4,"10":4,"11":4,"12":4,"13":4,"14":4,"15":4,"16":4,"17":4,"18":0,"19":4,"20":0,"21":0,"22":0,"23":0,"24":4},"f":{"0":0,"1":0},"b":{"0":[0,0],"1":[0,0]},"_coverageSchema":"1a1c01bbd47fc00a2c39e90264f33305004495a9","hash":"837c0acc918f2565704322790ac99ae6eb0e2795"}
,"/Users/art09/Bootcamp projects/ahha-mv-project/backend/database/models.js": {"path":"/Users/art09/Bootcamp projects/ahha-mv-project/backend/database/models.js","statementMap":{"0":{"start":{"line":1,"column":33},"end":{"line":1,"column":53}},"1":{"start":{"line":3,"column":18},"end":{"line":6,"column":2}},"2":{"start":{"line":13,"column":24},"end":{"line":29,"column":1}},"3":{"start":{"line":38,"column":18},"end":{"line":38,"column":20}},"4":{"start":{"line":45,"column":23},"end":{"line":52,"column":1}},"5":{"start":{"line":60,"column":19},"end":{"line":88,"column":1}},"6":{"start":{"line":90,"column":17},"end":{"line":90,"column":62}},"7":{"start":{"line":91,"column":13},"end":{"line":91,"column":48}},"8":{"start":{"line":92,"column":17},"end":{"line":92,"column":61}},"9":{"start":{"line":93,"column":13},"end":{"line":93,"column":49}},"10":{"start":{"line":96,"column":0},"end":{"line":96,"column":25}},"11":{"start":{"line":97,"column":0},"end":{"line":97,"column":23}},"12":{"start":{"line":100,"column":0},"end":{"line":102,"column":3}},"13":{"start":{"line":103,"column":0},"end":{"line":105,"column":3}},"14":{"start":{"line":107,"column":0},"end":{"line":107,"column":63}}},"fnMap":{},"branchMap":{},"s":{"0":4,"1":4,"2":4,"3":4,"4":4,"5":4,"6":4,"7":4,"8":4,"9":4,"10":4,"11":4,"12":4,"13":4,"14":4},"f":{},"b":{},"_coverageSchema":"1a1c01bbd47fc00a2c39e90264f33305004495a9","hash":"7ba0108aa96497556b3cd17e1bb9e4d2a3c58eae"}
,"/Users/art09/Bootcamp projects/ahha-mv-project/backend/routes/index.js": {"path":"/Users/art09/Bootcamp projects/ahha-mv-project/backend/routes/index.js","statementMap":{"0":{"start":{"line":1,"column":16},"end":{"line":1,"column":34}},"1":{"start":{"line":2,"column":15},"end":{"line":2,"column":31}},"2":{"start":{"line":5,"column":0},"end":{"line":8,"column":3}},"3":{"start":{"line":6,"column":2},"end":{"line":6,"column":25}},"4":{"start":{"line":10,"column":0},"end":{"line":10,"column":24}}},"fnMap":{"0":{"name":"(anonymous_0)","decl":{"start":{"line":5,"column":16},"end":{"line":5,"column":17}},"loc":{"start":{"line":5,"column":30},"end":{"line":8,"column":1}},"line":5}},"branchMap":{},"s":{"0":4,"1":4,"2":4,"3":0,"4":4},"f":{"0":0},"b":{},"_coverageSchema":"1a1c01bbd47fc00a2c39e90264f33305004495a9","hash":"e287ace072c906033bd79e72acd79139b0a15c9b"}
,"/Users/art09/Bootcamp projects/ahha-mv-project/backend/routes/api/cartItems.js": {"path":"/Users/art09/Bootcamp projects/ahha-mv-project/backend/routes/api/cartItems.js","statementMap":{"0":{"start":{"line":1,"column":16},"end":{"line":1,"column":34}},"1":{"start":{"line":2,"column":15},"end":{"line":2,"column":31}},"2":{"start":{"line":3,"column":21},"end":{"line":3,"column":53}},"3":{"start":{"line":5,"column":0},"end":{"line":13,"column":3}},"4":{"start":{"line":6,"column":2},"end":{"line":12,"column":3}},"5":{"start":{"line":7,"column":18},"end":{"line":7,"column":44}},"6":{"start":{"line":9,"column":4},"end":{"line":9,"column":32}},"7":{"start":{"line":11,"column":4},"end":{"line":11,"column":36}},"8":{"start":{"line":15,"column":0},"end":{"line":31,"column":3}},"9":{"start":{"line":16,"column":2},"end":{"line":30,"column":3}},"10":{"start":{"line":17,"column":17},"end":{"line":21,"column":6}},"11":{"start":{"line":23,"column":4},"end":{"line":27,"column":5}},"12":{"start":{"line":24,"column":6},"end":{"line":24,"column":33}},"13":{"start":{"line":26,"column":6},"end":{"line":26,"column":28}},"14":{"start":{"line":29,"column":4},"end":{"line":29,"column":36}},"15":{"start":{"line":33,"column":0},"end":{"line":41,"column":3}},"16":{"start":{"line":34,"column":2},"end":{"line":40,"column":3}},"17":{"start":{"line":35,"column":17},"end":{"line":35,"column":48}},"18":{"start":{"line":37,"column":4},"end":{"line":37,"column":31}},"19":{"start":{"line":39,"column":4},"end":{"line":39,"column":36}},"20":{"start":{"line":43,"column":0},"end":{"line":57,"column":3}},"21":{"start":{"line":44,"column":2},"end":{"line":56,"column":3}},"22":{"start":{"line":45,"column":4},"end":{"line":45,"column":27}},"23":{"start":{"line":46,"column":17},"end":{"line":46,"column":103}},"24":{"start":{"line":48,"column":4},"end":{"line":53,"column":5}},"25":{"start":{"line":49,"column":6},"end":{"line":49,"column":27}},"26":{"start":{"line":50,"column":6},"end":{"line":50,"column":33}},"27":{"start":{"line":52,"column":6},"end":{"line":52,"column":28}},"28":{"start":{"line":55,"column":4},"end":{"line":55,"column":36}},"29":{"start":{"line":59,"column":0},"end":{"line":72,"column":3}},"30":{"start":{"line":60,"column":2},"end":{"line":71,"column":3}},"31":{"start":{"line":61,"column":17},"end":{"line":61,"column":73}},"32":{"start":{"line":63,"column":4},"end":{"line":68,"column":5}},"33":{"start":{"line":64,"column":6},"end":{"line":64,"column":34}},"34":{"start":{"line":65,"column":6},"end":{"line":65,"column":33}},"35":{"start":{"line":67,"column":6},"end":{"line":67,"column":28}},"36":{"start":{"line":70,"column":4},"end":{"line":70,"column":36}},"37":{"start":{"line":73,"column":0},"end":{"line":73,"column":24}}},"fnMap":{"0":{"name":"(anonymous_0)","decl":{"start":{"line":5,"column":16},"end":{"line":5,"column":17}},"loc":{"start":{"line":5,"column":36},"end":{"line":13,"column":1}},"line":5},"1":{"name":"(anonymous_1)","decl":{"start":{"line":15,"column":19},"end":{"line":15,"column":20}},"loc":{"start":{"line":15,"column":39},"end":{"line":31,"column":1}},"line":15},"2":{"name":"(anonymous_2)","decl":{"start":{"line":33,"column":17},"end":{"line":33,"column":18}},"loc":{"start":{"line":33,"column":37},"end":{"line":41,"column":1}},"line":33},"3":{"name":"(anonymous_3)","decl":{"start":{"line":43,"column":22},"end":{"line":43,"column":23}},"loc":{"start":{"line":43,"column":42},"end":{"line":57,"column":1}},"line":43},"4":{"name":"(anonymous_4)","decl":{"start":{"line":59,"column":19},"end":{"line":59,"column":20}},"loc":{"start":{"line":59,"column":39},"end":{"line":72,"column":1}},"line":59}},"branchMap":{"0":{"loc":{"start":{"line":23,"column":4},"end":{"line":27,"column":5}},"type":"if","locations":[{"start":{"line":23,"column":4},"end":{"line":27,"column":5}},{"start":{"line":23,"column":4},"end":{"line":27,"column":5}}],"line":23},"1":{"loc":{"start":{"line":48,"column":4},"end":{"line":53,"column":5}},"type":"if","locations":[{"start":{"line":48,"column":4},"end":{"line":53,"column":5}},{"start":{"line":48,"column":4},"end":{"line":53,"column":5}}],"line":48},"2":{"loc":{"start":{"line":63,"column":4},"end":{"line":68,"column":5}},"type":"if","locations":[{"start":{"line":63,"column":4},"end":{"line":68,"column":5}},{"start":{"line":63,"column":4},"end":{"line":68,"column":5}}],"line":63}},"s":{"0":4,"1":4,"2":4,"3":4,"4":1,"5":1,"6":1,"7":0,"8":4,"9":2,"10":2,"11":0,"12":0,"13":0,"14":2,"15":4,"16":4,"17":4,"18":0,"19":4,"20":4,"21":1,"22":1,"23":1,"24":0,"25":0,"26":0,"27":0,"28":1,"29":4,"30":1,"31":1,"32":0,"33":0,"34":0,"35":0,"36":1,"37":4},"f":{"0":1,"1":2,"2":4,"3":1,"4":1},"b":{"0":[0,0],"1":[0,0],"2":[0,0]},"_coverageSchema":"1a1c01bbd47fc00a2c39e90264f33305004495a9","hash":"0c2f4c05427fcf5b53b17bbc9a5745671f67e55a"}
,"/Users/art09/Bootcamp projects/ahha-mv-project/backend/routes/api/carts.js": {"path":"/Users/art09/Bootcamp projects/ahha-mv-project/backend/routes/api/carts.js","statementMap":{"0":{"start":{"line":1,"column":16},"end":{"line":1,"column":34}},"1":{"start":{"line":2,"column":15},"end":{"line":2,"column":31}},"2":{"start":{"line":3,"column":33},"end":{"line":3,"column":65}},"3":{"start":{"line":5,"column":0},"end":{"line":13,"column":3}},"4":{"start":{"line":6,"column":2},"end":{"line":12,"column":3}},"5":{"start":{"line":7,"column":18},"end":{"line":7,"column":40}},"6":{"start":{"line":9,"column":4},"end":{"line":9,"column":32}},"7":{"start":{"line":11,"column":4},"end":{"line":11,"column":36}},"8":{"start":{"line":15,"column":0},"end":{"line":30,"column":3}},"9":{"start":{"line":16,"column":2},"end":{"line":29,"column":3}},"10":{"start":{"line":17,"column":17},"end":{"line":21,"column":6}},"11":{"start":{"line":22,"column":4},"end":{"line":26,"column":5}},"12":{"start":{"line":23,"column":6},"end":{"line":23,"column":33}},"13":{"start":{"line":25,"column":6},"end":{"line":25,"column":28}},"14":{"start":{"line":28,"column":4},"end":{"line":28,"column":36}},"15":{"start":{"line":32,"column":0},"end":{"line":40,"column":3}},"16":{"start":{"line":33,"column":2},"end":{"line":39,"column":3}},"17":{"start":{"line":34,"column":17},"end":{"line":34,"column":44}},"18":{"start":{"line":36,"column":4},"end":{"line":36,"column":31}},"19":{"start":{"line":38,"column":4},"end":{"line":38,"column":36}},"20":{"start":{"line":42,"column":0},"end":{"line":55,"column":3}},"21":{"start":{"line":43,"column":2},"end":{"line":54,"column":3}},"22":{"start":{"line":44,"column":17},"end":{"line":44,"column":69}},"23":{"start":{"line":46,"column":4},"end":{"line":51,"column":5}},"24":{"start":{"line":47,"column":6},"end":{"line":47,"column":27}},"25":{"start":{"line":48,"column":6},"end":{"line":48,"column":33}},"26":{"start":{"line":50,"column":6},"end":{"line":50,"column":28}},"27":{"start":{"line":53,"column":4},"end":{"line":53,"column":36}},"28":{"start":{"line":57,"column":0},"end":{"line":70,"column":3}},"29":{"start":{"line":58,"column":2},"end":{"line":69,"column":3}},"30":{"start":{"line":59,"column":17},"end":{"line":59,"column":69}},"31":{"start":{"line":61,"column":4},"end":{"line":66,"column":5}},"32":{"start":{"line":62,"column":6},"end":{"line":62,"column":34}},"33":{"start":{"line":63,"column":6},"end":{"line":63,"column":33}},"34":{"start":{"line":65,"column":6},"end":{"line":65,"column":28}},"35":{"start":{"line":68,"column":4},"end":{"line":68,"column":36}},"36":{"start":{"line":72,"column":0},"end":{"line":85,"column":3}},"37":{"start":{"line":73,"column":2},"end":{"line":84,"column":3}},"38":{"start":{"line":74,"column":17},"end":{"line":76,"column":6}},"39":{"start":{"line":77,"column":4},"end":{"line":81,"column":5}},"40":{"start":{"line":78,"column":6},"end":{"line":78,"column":39}},"41":{"start":{"line":80,"column":6},"end":{"line":80,"column":28}},"42":{"start":{"line":83,"column":4},"end":{"line":83,"column":36}},"43":{"start":{"line":88,"column":2},"end":{"line":88,"column":39}},"44":{"start":{"line":100,"column":0},"end":{"line":132,"column":3}},"45":{"start":{"line":101,"column":34},"end":{"line":101,"column":42}},"46":{"start":{"line":103,"column":15},"end":{"line":103,"column":83}},"47":{"start":{"line":105,"column":2},"end":{"line":108,"column":3}},"48":{"start":{"line":106,"column":4},"end":{"line":106,"column":26}},"49":{"start":{"line":107,"column":4},"end":{"line":107,"column":11}},"50":{"start":{"line":109,"column":16},"end":{"line":109,"column":62}},"51":{"start":{"line":111,"column":13},"end":{"line":111,"column":18}},"52":{"start":{"line":112,"column":17},"end":{"line":112,"column":18}},"53":{"start":{"line":114,"column":2},"end":{"line":116,"column":3}},"54":{"start":{"line":115,"column":4},"end":{"line":115,"column":20}},"55":{"start":{"line":117,"column":2},"end":{"line":124,"column":3}},"56":{"start":{"line":118,"column":4},"end":{"line":118,"column":52}},"57":{"start":{"line":119,"column":4},"end":{"line":121,"column":5}},"58":{"start":{"line":120,"column":6},"end":{"line":120,"column":37}},"59":{"start":{"line":123,"column":4},"end":{"line":123,"column":39}},"60":{"start":{"line":126,"column":2},"end":{"line":129,"column":3}},"61":{"start":{"line":127,"column":4},"end":{"line":127,"column":66}},"62":{"start":{"line":131,"column":2},"end":{"line":131,"column":33}},"63":{"start":{"line":134,"column":0},"end":{"line":134,"column":24}}},"fnMap":{"0":{"name":"(anonymous_0)","decl":{"start":{"line":5,"column":16},"end":{"line":5,"column":17}},"loc":{"start":{"line":5,"column":36},"end":{"line":13,"column":1}},"line":5},"1":{"name":"(anonymous_1)","decl":{"start":{"line":15,"column":19},"end":{"line":15,"column":20}},"loc":{"start":{"line":15,"column":39},"end":{"line":30,"column":1}},"line":15},"2":{"name":"(anonymous_2)","decl":{"start":{"line":32,"column":17},"end":{"line":32,"column":18}},"loc":{"start":{"line":32,"column":37},"end":{"line":40,"column":1}},"line":32},"3":{"name":"(anonymous_3)","decl":{"start":{"line":42,"column":22},"end":{"line":42,"column":23}},"loc":{"start":{"line":42,"column":42},"end":{"line":55,"column":1}},"line":42},"4":{"name":"(anonymous_4)","decl":{"start":{"line":57,"column":19},"end":{"line":57,"column":20}},"loc":{"start":{"line":57,"column":39},"end":{"line":70,"column":1}},"line":57},"5":{"name":"(anonymous_5)","decl":{"start":{"line":72,"column":29},"end":{"line":72,"column":30}},"loc":{"start":{"line":72,"column":49},"end":{"line":85,"column":1}},"line":72},"6":{"name":"removeItemFromCart","decl":{"start":{"line":87,"column":15},"end":{"line":87,"column":33}},"loc":{"start":{"line":87,"column":40},"end":{"line":89,"column":1}},"line":87},"7":{"name":"(anonymous_7)","decl":{"start":{"line":100,"column":34},"end":{"line":100,"column":35}},"loc":{"start":{"line":100,"column":54},"end":{"line":132,"column":1}},"line":100}},"branchMap":{"0":{"loc":{"start":{"line":22,"column":4},"end":{"line":26,"column":5}},"type":"if","locations":[{"start":{"line":22,"column":4},"end":{"line":26,"column":5}},{"start":{"line":22,"column":4},"end":{"line":26,"column":5}}],"line":22},"1":{"loc":{"start":{"line":46,"column":4},"end":{"line":51,"column":5}},"type":"if","locations":[{"start":{"line":46,"column":4},"end":{"line":51,"column":5}},{"start":{"line":46,"column":4},"end":{"line":51,"column":5}}],"line":46},"2":{"loc":{"start":{"line":61,"column":4},"end":{"line":66,"column":5}},"type":"if","locations":[{"start":{"line":61,"column":4},"end":{"line":66,"column":5}},{"start":{"line":61,"column":4},"end":{"line":66,"column":5}}],"line":61},"3":{"loc":{"start":{"line":77,"column":4},"end":{"line":81,"column":5}},"type":"if","locations":[{"start":{"line":77,"column":4},"end":{"line":81,"column":5}},{"start":{"line":77,"column":4},"end":{"line":81,"column":5}}],"line":77},"4":{"loc":{"start":{"line":105,"column":2},"end":{"line":108,"column":3}},"type":"if","locations":[{"start":{"line":105,"column":2},"end":{"line":108,"column":3}},{"start":{"line":105,"column":2},"end":{"line":108,"column":3}}],"line":105},"5":{"loc":{"start":{"line":114,"column":2},"end":{"line":116,"column":3}},"type":"if","locations":[{"start":{"line":114,"column":2},"end":{"line":116,"column":3}},{"start":{"line":114,"column":2},"end":{"line":116,"column":3}}],"line":114},"6":{"loc":{"start":{"line":117,"column":2},"end":{"line":124,"column":3}},"type":"if","locations":[{"start":{"line":117,"column":2},"end":{"line":124,"column":3}},{"start":{"line":117,"column":2},"end":{"line":124,"column":3}}],"line":117},"7":{"loc":{"start":{"line":119,"column":4},"end":{"line":121,"column":5}},"type":"if","locations":[{"start":{"line":119,"column":4},"end":{"line":121,"column":5}},{"start":{"line":119,"column":4},"end":{"line":121,"column":5}}],"line":119},"8":{"loc":{"start":{"line":126,"column":2},"end":{"line":129,"column":3}},"type":"if","locations":[{"start":{"line":126,"column":2},"end":{"line":129,"column":3}},{"start":{"line":126,"column":2},"end":{"line":129,"column":3}}],"line":126}},"s":{"0":4,"1":4,"2":4,"3":4,"4":1,"5":1,"6":1,"7":0,"8":4,"9":2,"10":2,"11":2,"12":1,"13":1,"14":0,"15":4,"16":3,"17":3,"18":3,"19":0,"20":4,"21":3,"22":3,"23":3,"24":3,"25":3,"26":0,"27":0,"28":4,"29":1,"30":1,"31":1,"32":1,"33":1,"34":0,"35":0,"36":4,"37":0,"38":0,"39":0,"40":0,"41":0,"42":0,"43":0,"44":4,"45":0,"46":0,"47":0,"48":0,"49":0,"50":0,"51":0,"52":0,"53":0,"54":0,"55":0,"56":0,"57":0,"58":0,"59":0,"60":0,"61":0,"62":0,"63":4},"f":{"0":1,"1":2,"2":3,"3":3,"4":1,"5":0,"6":0,"7":0},"b":{"0":[1,1],"1":[3,0],"2":[1,0],"3":[0,0],"4":[0,0],"5":[0,0],"6":[0,0],"7":[0,0],"8":[0,0]},"_coverageSchema":"1a1c01bbd47fc00a2c39e90264f33305004495a9","hash":"68a0c0c3bf64c2224275a98b8f300f0f12d7f9fd"}
,"/Users/art09/Bootcamp projects/ahha-mv-project/backend/routes/api/categories.js": {"path":"/Users/art09/Bootcamp projects/ahha-mv-project/backend/routes/api/categories.js","statementMap":{"0":{"start":{"line":1,"column":16},"end":{"line":1,"column":34}},"1":{"start":{"line":2,"column":15},"end":{"line":2,"column":31}},"2":{"start":{"line":3,"column":27},"end":{"line":3,"column":59}},"3":{"start":{"line":5,"column":0},"end":{"line":13,"column":3}},"4":{"start":{"line":6,"column":2},"end":{"line":12,"column":3}},"5":{"start":{"line":7,"column":23},"end":{"line":7,"column":49}},"6":{"start":{"line":9,"column":4},"end":{"line":9,"column":37}},"7":{"start":{"line":11,"column":4},"end":{"line":11,"column":36}},"8":{"start":{"line":15,"column":0},"end":{"line":35,"column":3}},"9":{"start":{"line":16,"column":32},"end":{"line":16,"column":41}},"10":{"start":{"line":18,"column":23},"end":{"line":22,"column":8}},"11":{"start":{"line":24,"column":2},"end":{"line":34,"column":3}},"12":{"start":{"line":25,"column":21},"end":{"line":25,"column":73}},"13":{"start":{"line":27,"column":4},"end":{"line":31,"column":5}},"14":{"start":{"line":28,"column":6},"end":{"line":28,"column":37}},"15":{"start":{"line":30,"column":6},"end":{"line":30,"column":28}},"16":{"start":{"line":33,"column":4},"end":{"line":33,"column":36}},"17":{"start":{"line":37,"column":0},"end":{"line":45,"column":3}},"18":{"start":{"line":38,"column":2},"end":{"line":44,"column":3}},"19":{"start":{"line":39,"column":21},"end":{"line":39,"column":52}},"20":{"start":{"line":41,"column":4},"end":{"line":41,"column":35}},"21":{"start":{"line":43,"column":4},"end":{"line":43,"column":36}},"22":{"start":{"line":47,"column":0},"end":{"line":60,"column":3}},"23":{"start":{"line":48,"column":2},"end":{"line":59,"column":3}},"24":{"start":{"line":49,"column":21},"end":{"line":49,"column":77}},"25":{"start":{"line":51,"column":4},"end":{"line":56,"column":5}},"26":{"start":{"line":52,"column":6},"end":{"line":52,"column":31}},"27":{"start":{"line":53,"column":6},"end":{"line":53,"column":37}},"28":{"start":{"line":55,"column":6},"end":{"line":55,"column":28}},"29":{"start":{"line":58,"column":4},"end":{"line":58,"column":36}},"30":{"start":{"line":62,"column":0},"end":{"line":75,"column":3}},"31":{"start":{"line":63,"column":2},"end":{"line":74,"column":3}},"32":{"start":{"line":64,"column":21},"end":{"line":64,"column":77}},"33":{"start":{"line":66,"column":4},"end":{"line":71,"column":5}},"34":{"start":{"line":67,"column":6},"end":{"line":67,"column":38}},"35":{"start":{"line":68,"column":6},"end":{"line":68,"column":37}},"36":{"start":{"line":70,"column":6},"end":{"line":70,"column":28}},"37":{"start":{"line":73,"column":4},"end":{"line":73,"column":36}},"38":{"start":{"line":77,"column":0},"end":{"line":91,"column":3}},"39":{"start":{"line":78,"column":2},"end":{"line":90,"column":3}},"40":{"start":{"line":79,"column":21},"end":{"line":81,"column":6}},"41":{"start":{"line":83,"column":4},"end":{"line":87,"column":5}},"42":{"start":{"line":84,"column":6},"end":{"line":84,"column":43}},"43":{"start":{"line":86,"column":6},"end":{"line":86,"column":28}},"44":{"start":{"line":89,"column":4},"end":{"line":89,"column":36}},"45":{"start":{"line":93,"column":0},"end":{"line":93,"column":24}}},"fnMap":{"0":{"name":"(anonymous_0)","decl":{"start":{"line":5,"column":16},"end":{"line":5,"column":17}},"loc":{"start":{"line":5,"column":36},"end":{"line":13,"column":1}},"line":5},"1":{"name":"(anonymous_1)","decl":{"start":{"line":15,"column":19},"end":{"line":15,"column":20}},"loc":{"start":{"line":15,"column":39},"end":{"line":35,"column":1}},"line":15},"2":{"name":"(anonymous_2)","decl":{"start":{"line":37,"column":17},"end":{"line":37,"column":18}},"loc":{"start":{"line":37,"column":37},"end":{"line":45,"column":1}},"line":37},"3":{"name":"(anonymous_3)","decl":{"start":{"line":47,"column":22},"end":{"line":47,"column":23}},"loc":{"start":{"line":47,"column":42},"end":{"line":60,"column":1}},"line":47},"4":{"name":"(anonymous_4)","decl":{"start":{"line":62,"column":19},"end":{"line":62,"column":20}},"loc":{"start":{"line":62,"column":39},"end":{"line":75,"column":1}},"line":62},"5":{"name":"(anonymous_5)","decl":{"start":{"line":77,"column":25},"end":{"line":77,"column":26}},"loc":{"start":{"line":77,"column":45},"end":{"line":91,"column":1}},"line":77}},"branchMap":{"0":{"loc":{"start":{"line":16,"column":10},"end":{"line":16,"column":27}},"type":"default-arg","locations":[{"start":{"line":16,"column":22},"end":{"line":16,"column":27}}],"line":16},"1":{"loc":{"start":{"line":18,"column":23},"end":{"line":22,"column":8}},"type":"cond-expr","locations":[{"start":{"line":19,"column":6},"end":{"line":21,"column":7}},{"start":{"line":22,"column":6},"end":{"line":22,"column":8}}],"line":18},"2":{"loc":{"start":{"line":27,"column":4},"end":{"line":31,"column":5}},"type":"if","locations":[{"start":{"line":27,"column":4},"end":{"line":31,"column":5}},{"start":{"line":27,"column":4},"end":{"line":31,"column":5}}],"line":27},"3":{"loc":{"start":{"line":51,"column":4},"end":{"line":56,"column":5}},"type":"if","locations":[{"start":{"line":51,"column":4},"end":{"line":56,"column":5}},{"start":{"line":51,"column":4},"end":{"line":56,"column":5}}],"line":51},"4":{"loc":{"start":{"line":66,"column":4},"end":{"line":71,"column":5}},"type":"if","locations":[{"start":{"line":66,"column":4},"end":{"line":71,"column":5}},{"start":{"line":66,"column":4},"end":{"line":71,"column":5}}],"line":66},"5":{"loc":{"start":{"line":83,"column":4},"end":{"line":87,"column":5}},"type":"if","locations":[{"start":{"line":83,"column":4},"end":{"line":87,"column":5}},{"start":{"line":83,"column":4},"end":{"line":87,"column":5}}],"line":83}},"s":{"0":4,"1":4,"2":4,"3":4,"4":1,"5":1,"6":1,"7":0,"8":4,"9":2,"10":2,"11":2,"12":2,"13":2,"14":1,"15":1,"16":0,"17":4,"18":4,"19":4,"20":3,"21":1,"22":4,"23":3,"24":3,"25":3,"26":3,"27":3,"28":0,"29":0,"30":4,"31":1,"32":1,"33":1,"34":1,"35":1,"36":0,"37":0,"38":4,"39":0,"40":0,"41":0,"42":0,"43":0,"44":0,"45":4},"f":{"0":1,"1":2,"2":4,"3":3,"4":1,"5":0},"b":{"0":[2],"1":[0,2],"2":[1,1],"3":[3,0],"4":[1,0],"5":[0,0]},"_coverageSchema":"1a1c01bbd47fc00a2c39e90264f33305004495a9","hash":"5a8e95e78b06f5cfcf056f2a4ae17b37eee255e4"}
,"/Users/art09/Bootcamp projects/ahha-mv-project/backend/routes/api/index.js": {"path":"/Users/art09/Bootcamp projects/ahha-mv-project/backend/routes/api/index.js","statementMap":{"0":{"start":{"line":1,"column":16},"end":{"line":1,"column":34}},"1":{"start":{"line":2,"column":15},"end":{"line":2,"column":31}},"2":{"start":{"line":4,"column":20},"end":{"line":4,"column":38}},"3":{"start":{"line":5,"column":25},"end":{"line":5,"column":48}},"4":{"start":{"line":6,"column":24},"end":{"line":6,"column":46}},"5":{"start":{"line":7,"column":20},"end":{"line":7,"column":38}},"6":{"start":{"line":9,"column":0},"end":{"line":9,"column":34}},"7":{"start":{"line":10,"column":0},"end":{"line":10,"column":44}},"8":{"start":{"line":11,"column":0},"end":{"line":11,"column":42}},"9":{"start":{"line":12,"column":0},"end":{"line":12,"column":34}},"10":{"start":{"line":14,"column":0},"end":{"line":14,"column":24}}},"fnMap":{},"branchMap":{},"s":{"0":4,"1":4,"2":4,"3":4,"4":4,"5":4,"6":4,"7":4,"8":4,"9":4,"10":4},"f":{},"b":{},"_coverageSchema":"1a1c01bbd47fc00a2c39e90264f33305004495a9","hash":"7cb9dc72388803d4ec425c029cad32611da6f2b0"}
,"/Users/art09/Bootcamp projects/ahha-mv-project/backend/routes/api/items.js": {"path":"/Users/art09/Bootcamp projects/ahha-mv-project/backend/routes/api/items.js","statementMap":{"0":{"start":{"line":1,"column":16},"end":{"line":1,"column":34}},"1":{"start":{"line":2,"column":15},"end":{"line":2,"column":31}},"2":{"start":{"line":3,"column":17},"end":{"line":3,"column":49}},"3":{"start":{"line":13,"column":0},"end":{"line":21,"column":3}},"4":{"start":{"line":14,"column":2},"end":{"line":20,"column":3}},"5":{"start":{"line":15,"column":18},"end":{"line":15,"column":40}},"6":{"start":{"line":17,"column":4},"end":{"line":17,"column":32}},"7":{"start":{"line":19,"column":4},"end":{"line":19,"column":36}},"8":{"start":{"line":28,"column":0},"end":{"line":44,"column":3}},"9":{"start":{"line":29,"column":2},"end":{"line":43,"column":3}},"10":{"start":{"line":30,"column":17},"end":{"line":34,"column":6}},"11":{"start":{"line":36,"column":4},"end":{"line":40,"column":5}},"12":{"start":{"line":37,"column":6},"end":{"line":37,"column":33}},"13":{"start":{"line":39,"column":6},"end":{"line":39,"column":28}},"14":{"start":{"line":42,"column":4},"end":{"line":42,"column":36}},"15":{"start":{"line":50,"column":0},"end":{"line":58,"column":3}},"16":{"start":{"line":51,"column":2},"end":{"line":57,"column":3}},"17":{"start":{"line":52,"column":17},"end":{"line":52,"column":44}},"18":{"start":{"line":54,"column":4},"end":{"line":54,"column":31}},"19":{"start":{"line":56,"column":4},"end":{"line":56,"column":36}},"20":{"start":{"line":65,"column":0},"end":{"line":78,"column":3}},"21":{"start":{"line":66,"column":2},"end":{"line":77,"column":3}},"22":{"start":{"line":67,"column":17},"end":{"line":67,"column":69}},"23":{"start":{"line":69,"column":4},"end":{"line":74,"column":5}},"24":{"start":{"line":70,"column":6},"end":{"line":70,"column":27}},"25":{"start":{"line":71,"column":6},"end":{"line":71,"column":33}},"26":{"start":{"line":73,"column":6},"end":{"line":73,"column":28}},"27":{"start":{"line":76,"column":4},"end":{"line":76,"column":36}},"28":{"start":{"line":85,"column":0},"end":{"line":98,"column":3}},"29":{"start":{"line":86,"column":2},"end":{"line":97,"column":3}},"30":{"start":{"line":87,"column":17},"end":{"line":87,"column":69}},"31":{"start":{"line":89,"column":4},"end":{"line":94,"column":5}},"32":{"start":{"line":90,"column":6},"end":{"line":90,"column":34}},"33":{"start":{"line":91,"column":6},"end":{"line":91,"column":33}},"34":{"start":{"line":93,"column":6},"end":{"line":93,"column":28}},"35":{"start":{"line":96,"column":4},"end":{"line":96,"column":36}},"36":{"start":{"line":99,"column":0},"end":{"line":99,"column":24}}},"fnMap":{"0":{"name":"(anonymous_0)","decl":{"start":{"line":13,"column":16},"end":{"line":13,"column":17}},"loc":{"start":{"line":13,"column":36},"end":{"line":21,"column":1}},"line":13},"1":{"name":"(anonymous_1)","decl":{"start":{"line":28,"column":19},"end":{"line":28,"column":20}},"loc":{"start":{"line":28,"column":39},"end":{"line":44,"column":1}},"line":28},"2":{"name":"(anonymous_2)","decl":{"start":{"line":50,"column":17},"end":{"line":50,"column":18}},"loc":{"start":{"line":50,"column":37},"end":{"line":58,"column":1}},"line":50},"3":{"name":"(anonymous_3)","decl":{"start":{"line":65,"column":22},"end":{"line":65,"column":23}},"loc":{"start":{"line":65,"column":42},"end":{"line":78,"column":1}},"line":65},"4":{"name":"(anonymous_4)","decl":{"start":{"line":85,"column":19},"end":{"line":85,"column":20}},"loc":{"start":{"line":85,"column":39},"end":{"line":98,"column":1}},"line":85}},"branchMap":{"0":{"loc":{"start":{"line":36,"column":4},"end":{"line":40,"column":5}},"type":"if","locations":[{"start":{"line":36,"column":4},"end":{"line":40,"column":5}},{"start":{"line":36,"column":4},"end":{"line":40,"column":5}}],"line":36},"1":{"loc":{"start":{"line":69,"column":4},"end":{"line":74,"column":5}},"type":"if","locations":[{"start":{"line":69,"column":4},"end":{"line":74,"column":5}},{"start":{"line":69,"column":4},"end":{"line":74,"column":5}}],"line":69},"2":{"loc":{"start":{"line":89,"column":4},"end":{"line":94,"column":5}},"type":"if","locations":[{"start":{"line":89,"column":4},"end":{"line":94,"column":5}},{"start":{"line":89,"column":4},"end":{"line":94,"column":5}}],"line":89}},"s":{"0":4,"1":4,"2":4,"3":4,"4":1,"5":1,"6":1,"7":0,"8":4,"9":2,"10":2,"11":2,"12":1,"13":1,"14":0,"15":4,"16":4,"17":4,"18":3,"19":1,"20":4,"21":2,"22":2,"23":2,"24":2,"25":2,"26":0,"27":0,"28":4,"29":2,"30":2,"31":2,"32":2,"33":2,"34":0,"35":0,"36":4},"f":{"0":1,"1":2,"2":4,"3":2,"4":2},"b":{"0":[1,1],"1":[2,0],"2":[2,0]},"_coverageSchema":"1a1c01bbd47fc00a2c39e90264f33305004495a9","hash":"a3aaa71c7032f6c77a0f343cc11147ed845aff80"}
}
