TN:
SF:app.js
FN:27,(anonymous_0)
FN:32,(anonymous_1)
FNF:2
FNH:0
FNDA:0,(anonymous_0)
FNDA:0,(anonymous_1)
DA:1,4
DA:2,4
DA:3,4
DA:4,4
DA:5,4
DA:6,4
DA:8,4
DA:9,4
DA:11,4
DA:16,4
DA:17,4
DA:18,4
DA:19,4
DA:20,4
DA:21,4
DA:23,4
DA:24,4
DA:27,4
DA:28,0
DA:32,4
DA:34,0
DA:35,0
DA:38,0
DA:39,0
DA:42,4
LF:25
LH:20
BRDA:35,0,0,0
BRDA:35,0,1,0
BRDA:38,1,0,0
BRDA:38,1,1,0
BRF:4
BRH:0
end_of_record
TN:
SF:database/models.js
FNF:0
FNH:0
DA:1,4
DA:3,4
DA:13,4
DA:38,4
DA:45,4
DA:60,4
DA:90,4
DA:91,4
DA:92,4
DA:93,4
DA:96,4
DA:97,4
DA:100,4
DA:103,4
DA:107,4
LF:15
LH:15
BRF:0
BRH:0
end_of_record
TN:
SF:routes/index.js
FN:5,(anonymous_0)
FNF:1
FNH:0
FNDA:0,(anonymous_0)
DA:1,4
DA:2,4
DA:5,4
DA:6,0
DA:10,4
LF:5
LH:4
BRF:0
BRH:0
end_of_record
TN:
SF:routes/api/cartItems.js
FN:5,(anonymous_0)
FN:15,(anonymous_1)
FN:33,(anonymous_2)
FN:43,(anonymous_3)
FN:59,(anonymous_4)
FNF:5
FNH:5
FNDA:1,(anonymous_0)
FNDA:2,(anonymous_1)
FNDA:4,(anonymous_2)
FNDA:1,(anonymous_3)
FNDA:1,(anonymous_4)
DA:1,4
DA:2,4
DA:3,4
DA:5,4
DA:6,1
DA:7,1
DA:9,1
DA:11,0
DA:15,4
DA:16,2
DA:17,2
DA:23,0
DA:24,0
DA:26,0
DA:29,2
DA:33,4
DA:34,4
DA:35,4
DA:37,0
DA:39,4
DA:43,4
DA:44,1
DA:45,1
DA:46,1
DA:48,0
DA:49,0
DA:50,0
DA:52,0
DA:55,1
DA:59,4
DA:60,1
DA:61,1
DA:63,0
DA:64,0
DA:65,0
DA:67,0
DA:70,1
DA:73,4
LF:38
LH:25
BRDA:23,0,0,0
BRDA:23,0,1,0
BRDA:48,1,0,0
BRDA:48,1,1,0
BRDA:63,2,0,0
BRDA:63,2,1,0
BRF:6
BRH:0
end_of_record
TN:
SF:routes/api/carts.js
FN:5,(anonymous_0)
FN:15,(anonymous_1)
FN:32,(anonymous_2)
FN:42,(anonymous_3)
FN:57,(anonymous_4)
FN:72,(anonymous_5)
FN:87,removeItemFromCart
FN:100,(anonymous_7)
FNF:8
FNH:5
FNDA:1,(anonymous_0)
FNDA:2,(anonymous_1)
FNDA:3,(anonymous_2)
FNDA:3,(anonymous_3)
FNDA:1,(anonymous_4)
FNDA:0,(anonymous_5)
FNDA:0,removeItemFromCart
FNDA:0,(anonymous_7)
DA:1,4
DA:2,4
DA:3,4
DA:5,4
DA:6,1
DA:7,1
DA:9,1
DA:11,0
DA:15,4
DA:16,2
DA:17,2
DA:22,2
DA:23,1
DA:25,1
DA:28,0
DA:32,4
DA:33,3
DA:34,3
DA:36,3
DA:38,0
DA:42,4
DA:43,3
DA:44,3
DA:46,3
DA:47,3
DA:48,3
DA:50,0
DA:53,0
DA:57,4
DA:58,1
DA:59,1
DA:61,1
DA:62,1
DA:63,1
DA:65,0
DA:68,0
DA:72,4
DA:73,0
DA:74,0
DA:77,0
DA:78,0
DA:80,0
DA:83,0
DA:88,0
DA:100,4
DA:101,0
DA:103,0
DA:105,0
DA:106,0
DA:107,0
DA:109,0
DA:111,0
DA:112,0
DA:114,0
DA:115,0
DA:117,0
DA:118,0
DA:119,0
DA:120,0
DA:123,0
DA:126,0
DA:127,0
DA:131,0
DA:134,4
LF:64
LH:32
BRDA:22,0,0,1
BRDA:22,0,1,1
BRDA:46,1,0,3
BRDA:46,1,1,0
BRDA:61,2,0,1
BRDA:61,2,1,0
BRDA:77,3,0,0
BRDA:77,3,1,0
BRDA:105,4,0,0
BRDA:105,4,1,0
BRDA:114,5,0,0
BRDA:114,5,1,0
BRDA:117,6,0,0
BRDA:117,6,1,0
BRDA:119,7,0,0
BRDA:119,7,1,0
BRDA:126,8,0,0
BRDA:126,8,1,0
BRF:18
BRH:4
end_of_record
TN:
SF:routes/api/categories.js
FN:5,(anonymous_0)
FN:15,(anonymous_1)
FN:37,(anonymous_2)
FN:47,(anonymous_3)
FN:62,(anonymous_4)
FN:77,(anonymous_5)
FNF:6
FNH:5
FNDA:1,(anonymous_0)
FNDA:2,(anonymous_1)
FNDA:4,(anonymous_2)
FNDA:3,(anonymous_3)
FNDA:1,(anonymous_4)
FNDA:0,(anonymous_5)
DA:1,4
DA:2,4
DA:3,4
DA:5,4
DA:6,1
DA:7,1
DA:9,1
DA:11,0
DA:15,4
DA:16,2
DA:18,2
DA:24,2
DA:25,2
DA:27,2
DA:28,1
DA:30,1
DA:33,0
DA:37,4
DA:38,4
DA:39,4
DA:41,3
DA:43,1
DA:47,4
DA:48,3
DA:49,3
DA:51,3
DA:52,3
DA:53,3
DA:55,0
DA:58,0
DA:62,4
DA:63,1
DA:64,1
DA:66,1
DA:67,1
DA:68,1
DA:70,0
DA:73,0
DA:77,4
DA:78,0
DA:79,0
DA:83,0
DA:84,0
DA:86,0
DA:89,0
DA:93,4
LF:46
LH:34
BRDA:16,0,0,2
BRDA:18,1,0,0
BRDA:18,1,1,2
BRDA:27,2,0,1
BRDA:27,2,1,1
BRDA:51,3,0,3
BRDA:51,3,1,0
BRDA:66,4,0,1
BRDA:66,4,1,0
BRDA:83,5,0,0
BRDA:83,5,1,0
BRF:11
BRH:6
end_of_record
TN:
SF:routes/api/index.js
FNF:0
FNH:0
DA:1,4
DA:2,4
DA:4,4
DA:5,4
DA:6,4
DA:7,4
DA:9,4
DA:10,4
DA:11,4
DA:12,4
DA:14,4
LF:11
LH:11
BRF:0
BRH:0
end_of_record
TN:
SF:routes/api/items.js
FN:13,(anonymous_0)
FN:28,(anonymous_1)
FN:50,(anonymous_2)
FN:65,(anonymous_3)
FN:85,(anonymous_4)
FNF:5
FNH:5
FNDA:1,(anonymous_0)
FNDA:2,(anonymous_1)
FNDA:4,(anonymous_2)
FNDA:2,(anonymous_3)
FNDA:2,(anonymous_4)
DA:1,4
DA:2,4
DA:3,4
DA:13,4
DA:14,1
DA:15,1
DA:17,1
DA:19,0
DA:28,4
DA:29,2
DA:30,2
DA:36,2
DA:37,1
DA:39,1
DA:42,0
DA:50,4
DA:51,4
DA:52,4
DA:54,3
DA:56,1
DA:65,4
DA:66,2
DA:67,2
DA:69,2
DA:70,2
DA:71,2
DA:73,0
DA:76,0
DA:85,4
DA:86,2
DA:87,2
DA:89,2
DA:90,2
DA:91,2
DA:93,0
DA:96,0
DA:99,4
LF:37
LH:31
BRDA:36,0,0,1
BRDA:36,0,1,1
BRDA:69,1,0,2
BRDA:69,1,1,0
BRDA:89,2,0,2
BRDA:89,2,1,0
BRF:6
BRH:4
end_of_record
